<?xml version="1.0" encoding="UTF-8"?>
<!-- Generated by org.testng.reporters.JUnitXMLReporter -->
<testsuite ignored="0" hostname="DESKTOP-RR3O2CG" failures="0" tests="2" name="EdgeTest" time="151.188" errors="0" timestamp="2025-08-03T16:58:46 IST">
  <testcase classname="testCases.TC_01_AccountRegistrationTest" name="verify_account_registration" time="0.0">
    <skipped/>
  </testcase> <!-- verify_account_registration -->
  <testcase classname="testCases.TC_02_LogInTest" name="verify_LogIn" time="13.582"/>
</testsuite> <!-- EdgeTest -->
