<?xml version="1.0" encoding="UTF-8"?>
<!-- Generated by org.testng.reporters.JUnitXMLReporter -->
<testsuite ignored="3" hostname="DESKTOP-RR3O2CG" failures="0" tests="4" name="Test" time="64.259" errors="0" timestamp="2025-08-11T00:20:50 IST">
  <testcase classname="testCases.TC_01_AccountRegistrationTest" name="verify_account_registration" time="10.182"/>
  <testcase classname="testCases.TC_02_LogInTest" name="verify_LogIn" time="2.231"/>
  <testcase classname="testCases.TC_04_SearchProductTest" name="verify_productSearch" time="0.753"/>
  <testcase classname="testCases.TC_07_CheckOutProductTest" name="verify_checkoutProcess" time="27.117"/>
  <testcase classname="testCases.TC_03_LogIn_DataDrivenTest" name="verify_logIn_dataDrivenTest" time="0.0">
    <ignored/>
  </testcase> <!-- verify_logIn_dataDrivenTest -->
  <testcase classname="testCases.TC_05_AddToCartTest_SearchPage" name="verify_addToCart" time="0.0">
    <ignored/>
  </testcase> <!-- verify_addToCart -->
  <testcase classname="testCases.TC_06_AddToCartTest_ItemPage" name="verify_addToCart" time="0.0">
    <ignored/>
  </testcase> <!-- verify_addToCart -->
</testsuite> <!-- Test -->
