<?xml version="1.0" encoding="UTF-8"?>
<testng-results ignored="3" total="7" passed="4" failed="0" skipped="0">
  <reporter-output>
  </reporter-output>
  <suite started-at="2025-08-10T21:58:47 IST" name="GroupingSuite" finished-at="2025-08-10T21:59:39 IST" duration-ms="51454">
    <groups>
      <group name="Master">
        <method signature="TC_01_AccountRegistrationTest.verify_account_registration()[pri:0, instance:testCases.TC_01_AccountRegistrationTest@66c92293]" name="verify_account_registration" class="testCases.TC_01_AccountRegistrationTest"/>
        <method signature="TC_02_LogInTest.verify_LogIn()[pri:0, instance:testCases.TC_02_LogInTest@5bf0fe62]" name="verify_LogIn" class="testCases.TC_02_LogInTest"/>
        <method signature="TC_04_SearchProductTest.verify_productSearch()[pri:0, instance:testCases.TC_04_SearchProductTest@673be18f]" name="verify_productSearch" class="testCases.TC_04_SearchProductTest"/>
        <method signature="TC_07_CheckOutProductTest.verify_checkoutProcess()[pri:0, instance:testCases.TC_07_CheckOutProductTest@6ce86ce1]" name="verify_checkoutProcess" class="testCases.TC_07_CheckOutProductTest"/>
      </group> <!-- Master -->
      <group name="Sanity">
        <method signature="TC_02_LogInTest.verify_LogIn()[pri:0, instance:testCases.TC_02_LogInTest@5bf0fe62]" name="verify_LogIn" class="testCases.TC_02_LogInTest"/>
      </group> <!-- Sanity -->
      <group name="Regression">
        <method signature="TC_01_AccountRegistrationTest.verify_account_registration()[pri:0, instance:testCases.TC_01_AccountRegistrationTest@66c92293]" name="verify_account_registration" class="testCases.TC_01_AccountRegistrationTest"/>
      </group> <!-- Regression -->
    </groups>
    <test started-at="2025-08-10T21:58:47 IST" name="Test" finished-at="2025-08-10T21:59:39 IST" duration-ms="51454">
      <class name="testCases.TC_04_SearchProductTest">
        <test-method is-config="true" signature="setup(java.lang.String,java.lang.String)[pri:0, instance:testCases.TC_04_SearchProductTest@673be18f]" started-at="2025-08-10T21:59:13 IST" name="setup" finished-at="2025-08-10T21:59:18 IST" duration-ms="4684" status="PASS">
          <params>
            <param index="0">
              <value>
                <![CDATA[Windows]]>
              </value>
            </param>
            <param index="1">
              <value>
                <![CDATA[Chrome]]>
              </value>
            </param>
          </params>
          <reporter-output>
          </reporter-output>
        </test-method> <!-- setup -->
        <test-method signature="verify_productSearch()[pri:0, instance:testCases.TC_04_SearchProductTest@673be18f]" started-at="2025-08-10T21:59:18 IST" name="verify_productSearch" finished-at="2025-08-10T21:59:19 IST" duration-ms="1048" status="PASS">
          <reporter-output>
          </reporter-output>
        </test-method> <!-- verify_productSearch -->
        <test-method is-config="true" signature="tearDown()[pri:0, instance:testCases.TC_04_SearchProductTest@673be18f]" started-at="2025-08-10T21:59:19 IST" name="tearDown" finished-at="2025-08-10T21:59:19 IST" duration-ms="286" status="PASS">
          <reporter-output>
          </reporter-output>
        </test-method> <!-- tearDown -->
      </class> <!-- testCases.TC_04_SearchProductTest -->
      <class name="testCases.TC_02_LogInTest">
        <test-method is-config="true" signature="setup(java.lang.String,java.lang.String)[pri:0, instance:testCases.TC_02_LogInTest@5bf0fe62]" started-at="2025-08-10T21:59:06 IST" name="setup" finished-at="2025-08-10T21:59:11 IST" duration-ms="4949" status="PASS">
          <params>
            <param index="0">
              <value>
                <![CDATA[Windows]]>
              </value>
            </param>
            <param index="1">
              <value>
                <![CDATA[Chrome]]>
              </value>
            </param>
          </params>
          <reporter-output>
          </reporter-output>
        </test-method> <!-- setup -->
        <test-method signature="verify_LogIn()[pri:0, instance:testCases.TC_02_LogInTest@5bf0fe62]" started-at="2025-08-10T21:59:11 IST" name="verify_LogIn" finished-at="2025-08-10T21:59:13 IST" duration-ms="2327" status="PASS">
          <reporter-output>
          </reporter-output>
        </test-method> <!-- verify_LogIn -->
        <test-method is-config="true" signature="tearDown()[pri:0, instance:testCases.TC_02_LogInTest@5bf0fe62]" started-at="2025-08-10T21:59:13 IST" name="tearDown" finished-at="2025-08-10T21:59:13 IST" duration-ms="282" status="PASS">
          <reporter-output>
          </reporter-output>
        </test-method> <!-- tearDown -->
      </class> <!-- testCases.TC_02_LogInTest -->
      <class name="testCases.TC_01_AccountRegistrationTest">
        <test-method is-config="true" signature="setup(java.lang.String,java.lang.String)[pri:0, instance:testCases.TC_01_AccountRegistrationTest@66c92293]" started-at="2025-08-10T21:58:48 IST" name="setup" finished-at="2025-08-10T21:58:59 IST" duration-ms="11644" status="PASS">
          <params>
            <param index="0">
              <value>
                <![CDATA[Windows]]>
              </value>
            </param>
            <param index="1">
              <value>
                <![CDATA[Chrome]]>
              </value>
            </param>
          </params>
          <reporter-output>
          </reporter-output>
        </test-method> <!-- setup -->
        <test-method signature="verify_account_registration()[pri:0, instance:testCases.TC_01_AccountRegistrationTest@66c92293]" started-at="2025-08-10T21:59:00 IST" name="verify_account_registration" finished-at="2025-08-10T21:59:05 IST" duration-ms="5703" status="PASS">
          <reporter-output>
          </reporter-output>
        </test-method> <!-- verify_account_registration -->
        <test-method is-config="true" signature="tearDown()[pri:0, instance:testCases.TC_01_AccountRegistrationTest@66c92293]" started-at="2025-08-10T21:59:05 IST" name="tearDown" finished-at="2025-08-10T21:59:06 IST" duration-ms="463" status="PASS">
          <reporter-output>
          </reporter-output>
        </test-method> <!-- tearDown -->
      </class> <!-- testCases.TC_01_AccountRegistrationTest -->
      <class name="testCases.TC_07_CheckOutProductTest">
        <test-method is-config="true" signature="setup(java.lang.String,java.lang.String)[pri:0, instance:testCases.TC_07_CheckOutProductTest@6ce86ce1]" started-at="2025-08-10T21:59:19 IST" name="setup" finished-at="2025-08-10T21:59:23 IST" duration-ms="3689" status="PASS">
          <params>
            <param index="0">
              <value>
                <![CDATA[Windows]]>
              </value>
            </param>
            <param index="1">
              <value>
                <![CDATA[Chrome]]>
              </value>
            </param>
          </params>
          <reporter-output>
          </reporter-output>
        </test-method> <!-- setup -->
        <test-method signature="verify_checkoutProcess()[pri:0, instance:testCases.TC_07_CheckOutProductTest@6ce86ce1]" started-at="2025-08-10T21:59:23 IST" name="verify_checkoutProcess" finished-at="2025-08-10T21:59:38 IST" duration-ms="15149" status="PASS">
          <reporter-output>
          </reporter-output>
        </test-method> <!-- verify_checkoutProcess -->
        <test-method is-config="true" signature="tearDown()[pri:0, instance:testCases.TC_07_CheckOutProductTest@6ce86ce1]" started-at="2025-08-10T21:59:38 IST" name="tearDown" finished-at="2025-08-10T21:59:39 IST" duration-ms="392" status="PASS">
          <reporter-output>
          </reporter-output>
        </test-method> <!-- tearDown -->
      </class> <!-- testCases.TC_07_CheckOutProductTest -->
    </test> <!-- Test -->
  </suite> <!-- GroupingSuite -->
</testng-results>
