<?xml version="1.0" encoding="UTF-8"?>
<testng-results ignored="3" total="7" passed="4" failed="0" skipped="0">
  <reporter-output>
  </reporter-output>
  <suite started-at="2025-11-25T08:35:03 IST" name="GroupingSuite" finished-at="2025-11-25T08:35:42 IST" duration-ms="39526">
    <groups>
      <group name="Master">
        <method signature="TC_01_AccountRegistrationTest.verify_account_registration()[pri:0, instance:testCases.TC_01_AccountRegistrationTest@34a875b3]" name="verify_account_registration" class="testCases.TC_01_AccountRegistrationTest"/>
        <method signature="TC_02_LogInTest.verify_LogIn()[pri:0, instance:testCases.TC_02_LogInTest@77d67cf3]" name="verify_LogIn" class="testCases.TC_02_LogInTest"/>
        <method signature="TC_04_SearchProductTest.verify_productSearch()[pri:0, instance:testCases.TC_04_SearchProductTest@176b3f44]" name="verify_productSearch" class="testCases.TC_04_SearchProductTest"/>
      </group> <!-- Master -->
      <group name="Sanity">
        <method signature="TC_02_LogInTest.verify_LogIn()[pri:0, instance:testCases.TC_02_LogInTest@77d67cf3]" name="verify_LogIn" class="testCases.TC_02_LogInTest"/>
        <method signature="TC_07_CheckOutProductTest.verify_checkoutProcess()[pri:0, instance:testCases.TC_07_CheckOutProductTest@5d12a356]" name="verify_checkoutProcess" class="testCases.TC_07_CheckOutProductTest"/>
      </group> <!-- Sanity -->
      <group name="Regression">
        <method signature="TC_01_AccountRegistrationTest.verify_account_registration()[pri:0, instance:testCases.TC_01_AccountRegistrationTest@34a875b3]" name="verify_account_registration" class="testCases.TC_01_AccountRegistrationTest"/>
      </group> <!-- Regression -->
    </groups>
    <test started-at="2025-11-25T08:35:03 IST" name="Test" finished-at="2025-11-25T08:35:42 IST" duration-ms="39526">
      <class name="testCases.TC_04_SearchProductTest">
        <test-method is-config="true" signature="setup(java.lang.String,java.lang.String)[pri:0, instance:testCases.TC_04_SearchProductTest@176b3f44]" started-at="2025-11-25T08:35:17 IST" name="setup" finished-at="2025-11-25T08:35:20 IST" duration-ms="2824" status="PASS">
          <params>
            <param index="0">
              <value>
                <![CDATA[Windows]]>
              </value>
            </param>
            <param index="1">
              <value>
                <![CDATA[Chrome]]>
              </value>
            </param>
          </params>
          <reporter-output>
          </reporter-output>
        </test-method> <!-- setup -->
        <test-method signature="verify_productSearch()[pri:0, instance:testCases.TC_04_SearchProductTest@176b3f44]" started-at="2025-11-25T08:35:20 IST" name="verify_productSearch" finished-at="2025-11-25T08:35:21 IST" duration-ms="540" status="PASS">
          <reporter-output>
          </reporter-output>
        </test-method> <!-- verify_productSearch -->
        <test-method is-config="true" signature="tearDown()[pri:0, instance:testCases.TC_04_SearchProductTest@176b3f44]" started-at="2025-11-25T08:35:21 IST" name="tearDown" finished-at="2025-11-25T08:35:21 IST" duration-ms="192" status="PASS">
          <reporter-output>
          </reporter-output>
        </test-method> <!-- tearDown -->
      </class> <!-- testCases.TC_04_SearchProductTest -->
      <class name="testCases.TC_02_LogInTest">
        <test-method is-config="true" signature="setup(java.lang.String,java.lang.String)[pri:0, instance:testCases.TC_02_LogInTest@77d67cf3]" started-at="2025-11-25T08:35:13 IST" name="setup" finished-at="2025-11-25T08:35:15 IST" duration-ms="2553" status="PASS">
          <params>
            <param index="0">
              <value>
                <![CDATA[Windows]]>
              </value>
            </param>
            <param index="1">
              <value>
                <![CDATA[Chrome]]>
              </value>
            </param>
          </params>
          <reporter-output>
          </reporter-output>
        </test-method> <!-- setup -->
        <test-method signature="verify_LogIn()[pri:0, instance:testCases.TC_02_LogInTest@77d67cf3]" started-at="2025-11-25T08:35:15 IST" name="verify_LogIn" finished-at="2025-11-25T08:35:17 IST" duration-ms="1665" status="PASS">
          <reporter-output>
          </reporter-output>
        </test-method> <!-- verify_LogIn -->
        <test-method is-config="true" signature="tearDown()[pri:0, instance:testCases.TC_02_LogInTest@77d67cf3]" started-at="2025-11-25T08:35:17 IST" name="tearDown" finished-at="2025-11-25T08:35:17 IST" duration-ms="369" status="PASS">
          <reporter-output>
          </reporter-output>
        </test-method> <!-- tearDown -->
      </class> <!-- testCases.TC_02_LogInTest -->
      <class name="testCases.TC_01_AccountRegistrationTest">
        <test-method is-config="true" signature="setup(java.lang.String,java.lang.String)[pri:0, instance:testCases.TC_01_AccountRegistrationTest@34a875b3]" started-at="2025-11-25T08:35:03 IST" name="setup" finished-at="2025-11-25T08:35:10 IST" duration-ms="6275" status="PASS">
          <params>
            <param index="0">
              <value>
                <![CDATA[Windows]]>
              </value>
            </param>
            <param index="1">
              <value>
                <![CDATA[Chrome]]>
              </value>
            </param>
          </params>
          <reporter-output>
          </reporter-output>
        </test-method> <!-- setup -->
        <test-method signature="verify_account_registration()[pri:0, instance:testCases.TC_01_AccountRegistrationTest@34a875b3]" started-at="2025-11-25T08:35:10 IST" name="verify_account_registration" finished-at="2025-11-25T08:35:12 IST" duration-ms="2852" status="PASS">
          <reporter-output>
          </reporter-output>
        </test-method> <!-- verify_account_registration -->
        <test-method is-config="true" signature="tearDown()[pri:0, instance:testCases.TC_01_AccountRegistrationTest@34a875b3]" started-at="2025-11-25T08:35:12 IST" name="tearDown" finished-at="2025-11-25T08:35:13 IST" duration-ms="269" status="PASS">
          <reporter-output>
          </reporter-output>
        </test-method> <!-- tearDown -->
      </class> <!-- testCases.TC_01_AccountRegistrationTest -->
      <class name="testCases.TC_07_CheckOutProductTest">
        <test-method is-config="true" signature="setup(java.lang.String,java.lang.String)[pri:0, instance:testCases.TC_07_CheckOutProductTest@5d12a356]" started-at="2025-11-25T08:35:21 IST" name="setup" finished-at="2025-11-25T08:35:23 IST" duration-ms="1651" status="PASS">
          <params>
            <param index="0">
              <value>
                <![CDATA[Windows]]>
              </value>
            </param>
            <param index="1">
              <value>
                <![CDATA[Chrome]]>
              </value>
            </param>
          </params>
          <reporter-output>
          </reporter-output>
        </test-method> <!-- setup -->
        <test-method signature="verify_checkoutProcess()[pri:0, instance:testCases.TC_07_CheckOutProductTest@5d12a356]" started-at="2025-11-25T08:35:23 IST" name="verify_checkoutProcess" finished-at="2025-11-25T08:35:42 IST" duration-ms="19625" status="PASS">
          <reporter-output>
          </reporter-output>
        </test-method> <!-- verify_checkoutProcess -->
        <test-method is-config="true" signature="tearDown()[pri:0, instance:testCases.TC_07_CheckOutProductTest@5d12a356]" started-at="2025-11-25T08:35:42 IST" name="tearDown" finished-at="2025-11-25T08:35:42 IST" duration-ms="303" status="PASS">
          <reporter-output>
          </reporter-output>
        </test-method> <!-- tearDown -->
      </class> <!-- testCases.TC_07_CheckOutProductTest -->
    </test> <!-- Test -->
  </suite> <!-- GroupingSuite -->
</testng-results>
