<?xml version="1.0" encoding="UTF-8"?>
<testng-results ignored="0" total="1" passed="1" failed="0" skipped="0">
  <reporter-output>
  </reporter-output>
  <suite started-at="2025-08-10T21:33:48 IST" name="MasterSuite" finished-at="2025-08-10T21:34:14 IST" duration-ms="26074">
    <groups>
    </groups>
    <test started-at="2025-08-10T21:33:48 IST" name="Test" finished-at="2025-08-10T21:34:14 IST" duration-ms="26074">
      <class name="testCases.TC_07_CheckOutProductTest">
        <test-method is-config="true" signature="setup(java.lang.String,java.lang.String)[pri:0, instance:testCases.TC_07_CheckOutProductTest@503ecb24]" started-at="2025-08-10T21:33:48 IST" name="setup" finished-at="2025-08-10T21:34:01 IST" duration-ms="12756" status="PASS">
          <params>
            <param index="0">
              <value>
                <![CDATA[Windows]]>
              </value>
            </param>
            <param index="1">
              <value>
                <![CDATA[Chrome]]>
              </value>
            </param>
          </params>
          <reporter-output>
          </reporter-output>
        </test-method> <!-- setup -->
        <test-method signature="verify_checkoutProcess()[pri:0, instance:testCases.TC_07_CheckOutProductTest@503ecb24]" started-at="2025-08-10T21:34:01 IST" name="verify_checkoutProcess" finished-at="2025-08-10T21:34:10 IST" duration-ms="9249" status="PASS">
          <reporter-output>
          </reporter-output>
        </test-method> <!-- verify_checkoutProcess -->
        <test-method is-config="true" signature="tearDown()[pri:0, instance:testCases.TC_07_CheckOutProductTest@503ecb24]" started-at="2025-08-10T21:34:11 IST" name="tearDown" finished-at="2025-08-10T21:34:14 IST" duration-ms="3137" status="PASS">
          <reporter-output>
          </reporter-output>
        </test-method> <!-- tearDown -->
      </class> <!-- testCases.TC_07_CheckOutProductTest -->
    </test> <!-- Test -->
  </suite> <!-- MasterSuite -->
</testng-results>
